<?xml version="1.0" encoding="UTF-8"?>
<testsuite xmlns:xsi="http://www.w3.org/2001/XMLSchema-instance" xsi:noNamespaceSchemaLocation="https://maven.apache.org/surefire/maven-surefire-plugin/xsd/surefire-test-report-3.0.xsd" version="3.0" name="com.magicalarena.ArenaTest" time="1.24" tests="1" errors="0" skipped="0" failures="0">
  <properties>
[...]
</properties>
  <testcase name="testFight" classname="com.magicalarena.ArenaTest" time="1.201">
    <system-out><![CDATA[Player{health=50, strength=5, attack=10} attacks Player{health=100, strength=10, attack=5}: Attack Roll = 5, Defense Roll = 5, Damage = 50, Defended = 50, Player{health=100, strength=10, attack=5} Health = 100
Player{health=50, strength=5, attack=10} attacks Player{health=80, strength=10, attack=5}: Attack Roll = 6, Defense Roll = 4, Damage = 60, Defended = 40, Player{health=80, strength=10, attack=5} Health = 80
Player{health=50, strength=5, attack=10} attacks Player{health=80, strength=10, attack=5}: Attack Roll = 1, Defense Roll = 4, Damage = 10, Defended = 40, Player{health=80, strength=10, attack=5} Health = 80
Player{health=50, strength=5, attack=10} attacks Player{health=60, strength=10, attack=5}: Attack Roll = 4, Defense Roll = 2, Damage = 40, Defended = 20, Player{health=60, strength=10, attack=5} Health = 60
Player{health=50, strength=5, attack=10} attacks Player{health=40, strength=10, attack=5}: Attack Roll = 6, Defense Roll = 4, Damage = 60, Defended = 40, Player{health=40, strength=10, attack=5} Health = 40
Player{health=40, strength=10, attack=5} attacks Player{health=50, strength=5, attack=10}: Attack Roll = 5, Defense Roll = 5, Damage = 25, Defended = 25, Player{health=50, strength=5, attack=10} Health = 50
Player{health=40, strength=10, attack=5} attacks Player{health=50, strength=5, attack=10}: Attack Roll = 3, Defense Roll = 6, Damage = 15, Defended = 30, Player{health=50, strength=5, attack=10} Health = 50
Player{health=40, strength=10, attack=5} attacks Player{health=50, strength=5, attack=10}: Attack Roll = 2, Defense Roll = 5, Damage = 10, Defended = 25, Player{health=50, strength=5, attack=10} Health = 50
Player{health=40, strength=10, attack=5} attacks Player{health=50, strength=5, attack=10}: Attack Roll = 1, Defense Roll = 5, Damage = 5, Defended = 25, Player{health=50, strength=5, attack=10} Health = 50
Player{health=40, strength=10, attack=5} attacks Player{health=45, strength=5, attack=10}: Attack Roll = 6, Defense Roll = 5, Damage = 30, Defended = 25, Player{health=45, strength=5, attack=10} Health = 45
Player{health=40, strength=10, attack=5} attacks Player{health=45, strength=5, attack=10}: Attack Roll = 1, Defense Roll = 4, Damage = 5, Defended = 20, Player{health=45, strength=5, attack=10} Health = 45
Player{health=40, strength=10, attack=5} attacks Player{health=30, strength=5, attack=10}: Attack Roll = 4, Defense Roll = 1, Damage = 20, Defended = 5, Player{health=30, strength=5, attack=10} Health = 30
Player{health=30, strength=5, attack=10} attacks Player{health=40, strength=10, attack=5}: Attack Roll = 5, Defense Roll = 6, Damage = 50, Defended = 60, Player{health=40, strength=10, attack=5} Health = 40
Player{health=30, strength=5, attack=10} attacks Player{health=40, strength=10, attack=5}: Attack Roll = 4, Defense Roll = 6, Damage = 40, Defended = 60, Player{health=40, strength=10, attack=5} Health = 40
Player{health=30, strength=5, attack=10} attacks Player{health=40, strength=10, attack=5}: Attack Roll = 4, Defense Roll = 4, Damage = 40, Defended = 40, Player{health=40, strength=10, attack=5} Health = 40
Player{health=30, strength=5, attack=10} attacks Player{health=40, strength=10, attack=5}: Attack Roll = 6, Defense Roll = 6, Damage = 60, Defended = 60, Player{health=40, strength=10, attack=5} Health = 40
Player{health=30, strength=5, attack=10} attacks Player{health=10, strength=10, attack=5}: Attack Roll = 6, Defense Roll = 3, Damage = 60, Defended = 30, Player{health=10, strength=10, attack=5} Health = 10
Player{health=10, strength=10, attack=5} attacks Player{health=20, strength=5, attack=10}: Attack Roll = 5, Defense Roll = 3, Damage = 25, Defended = 15, Player{health=20, strength=5, attack=10} Health = 20
Player{health=10, strength=10, attack=5} attacks Player{health=-5, strength=5, attack=10}: Attack Roll = 6, Defense Roll = 1, Damage = 30, Defended = 5, Player{health=-5, strength=5, attack=10} Health = -5
Player{health=-5, strength=5, attack=10} has died.
]]></system-out>
  </testcase>
</testsuite>